Determining if the pthread_create exist failed with the following output:
Change Dir: /home/bart/CFD_pipeline/catkin_ws/build/CMakeFiles/CMakeTmp

Run Build Command:"/usr/bin/make" "cmTC_a5e61/fast"
/usr/bin/make -f CMakeFiles/cmTC_a5e61.dir/build.make CMakeFiles/cmTC_a5e61.dir/build
make[1]: Entering directory '/home/bart/CFD_pipeline/catkin_ws/build/CMakeFiles/CMakeTmp'
Building C object CMakeFiles/cmTC_a5e61.dir/CheckSymbolExists.c.o
/usr/bin/cc    -o CMakeFiles/cmTC_a5e61.dir/CheckSymbolExists.c.o   -c /home/bart/CFD_pipeline/catkin_ws/build/CMakeFiles/CMakeTmp/CheckSymbolExists.c
Linking C executable cmTC_a5e61
/usr/bin/cmake -E cmake_link_script CMakeFiles/cmTC_a5e61.dir/link.txt --verbose=1
/usr/bin/cc      -rdynamic CMakeFiles/cmTC_a5e61.dir/CheckSymbolExists.c.o  -o cmTC_a5e61 
CMakeFiles/cmTC_a5e61.dir/CheckSymbolExists.c.o: In function `main':
CheckSymbolExists.c:(.text+0x1b): undefined reference to `pthread_create'
collect2: error: ld returned 1 exit status
CMakeFiles/cmTC_a5e61.dir/build.make:97: recipe for target 'cmTC_a5e61' failed
make[1]: *** [cmTC_a5e61] Error 1
make[1]: Leaving directory '/home/bart/CFD_pipeline/catkin_ws/build/CMakeFiles/CMakeTmp'
Makefile:126: recipe for target 'cmTC_a5e61/fast' failed
make: *** [cmTC_a5e61/fast] Error 2

File /home/bart/CFD_pipeline/catkin_ws/build/CMakeFiles/CMakeTmp/CheckSymbolExists.c:
/* */
#include <pthread.h>

int main(int argc, char** argv)
{
  (void)argv;
#ifndef pthread_create
  return ((int*)(&pthread_create))[argc];
#else
  (void)argc;
  return 0;
#endif
}

Determining if the function pthread_create exists in the pthreads failed with the following output:
Change Dir: /home/bart/CFD_pipeline/catkin_ws/build/CMakeFiles/CMakeTmp

Run Build Command:"/usr/bin/make" "cmTC_f3e92/fast"
/usr/bin/make -f CMakeFiles/cmTC_f3e92.dir/build.make CMakeFiles/cmTC_f3e92.dir/build
make[1]: Entering directory '/home/bart/CFD_pipeline/catkin_ws/build/CMakeFiles/CMakeTmp'
Building C object CMakeFiles/cmTC_f3e92.dir/CheckFunctionExists.c.o
/usr/bin/cc   -DCHECK_FUNCTION_EXISTS=pthread_create   -o CMakeFiles/cmTC_f3e92.dir/CheckFunctionExists.c.o   -c /usr/share/cmake-3.10/Modules/CheckFunctionExists.c
Linking C executable cmTC_f3e92
/usr/bin/cmake -E cmake_link_script CMakeFiles/cmTC_f3e92.dir/link.txt --verbose=1
/usr/bin/cc  -DCHECK_FUNCTION_EXISTS=pthread_create    -rdynamic CMakeFiles/cmTC_f3e92.dir/CheckFunctionExists.c.o  -o cmTC_f3e92 -lpthreads 
/usr/bin/ld: cannot find -lpthreads
collect2: error: ld returned 1 exit status
CMakeFiles/cmTC_f3e92.dir/build.make:97: recipe for target 'cmTC_f3e92' failed
make[1]: *** [cmTC_f3e92] Error 1
make[1]: Leaving directory '/home/bart/CFD_pipeline/catkin_ws/build/CMakeFiles/CMakeTmp'
Makefile:126: recipe for target 'cmTC_f3e92/fast' failed
make: *** [cmTC_f3e92/fast] Error 2


